-- west flash: rebuilding
[3/11] Linking C executable zephyr/zephyr_pre0.elf

[6/11] Linking C executable zephyr/zephyr_pre1.elf

[11/11] Linking C executable zephyr/zephyr.elf
Memory region         Used Size  Region Size  %age Used
           FLASH:       25156 B       512 KB      4.80%
            SRAM:        6592 B        96 KB      6.71%
        IDT_LIST:          0 GB         2 KB      0.00%
-- west flash: using runner openocd
-- runners.openocd: Flashing file: /home/note/zephyrproject/zephyr/samples/basic/fade_led/build/zephyr/zephyr.hex
Open On-Chip Debugger 0.11.0+dev-00244-g7e3dbbbe2 (2021-11-18-07:14)
Licensed under GNU GPL v2
For bug reports, read
	http://openocd.org/doc/doxygen/bugs.html
Info : The selected transport took over low-level target control. The results might differ compared to plain JTAG/SWD
Info : clock speed 2000 kHz
Info : STLINK V2J24M10 (API v2) VID:PID 0483:374B
Info : Target voltage: 3.267413
Info : stm32f4x.cpu: hardware has 6 breakpoints, 4 watchpoints
Info : starting gdb server for stm32f4x.cpu on 3333
Info : Listening on port 3333 for gdb connections
    TargetName         Type       Endian TapName            State
--  ------------------ ---------- ------ ------------------ ------------
 0* stm32f4x.cpu       hla_target little stm32f4x.cpu       running

Info : Unable to match requested speed 2000 kHz, using 1800 kHz
Info : Unable to match requested speed 2000 kHz, using 1800 kHz
target halted due to debug-request, current mode: Thread
xPSR: 0x01000000 pc: 0x08001f98 msp: 0x20000b80
Info : device id = 0x10006433
Info : flash size = 512 kbytes
auto erase enabled
wrote 32768 bytes from file /home/note/zephyrproject/zephyr/samples/basic/fade_led/build/zephyr/zephyr.hex in 1.099178s (29.113 KiB/s)

Info : Unable to match requested speed 2000 kHz, using 1800 kHz
Info : Unable to match requested speed 2000 kHz, using 1800 kHz
target halted due to debug-request, current mode: Thread
xPSR: 0x01000000 pc: 0x08001f98 msp: 0x20000b80
verified 25156 bytes in 0.214714s (114.415 KiB/s)

Info : Unable to match requested speed 2000 kHz, using 1800 kHz
Info : Unable to match requested speed 2000 kHz, using 1800 kHz
shutdown command invoked